[2023-06-14 01:26:39] local.ERROR: There are no commands defined in the "breeze" namespace. {"exception":"[object] (Symfony\\Component\\Console\\Exception\\NamespaceNotFoundException(code: 0): There are no commands defined in the \"breeze\" namespace. at D:\\wamp64\\www\\gobproy\\vendor\\symfony\\console\\Application.php:606)
[stacktrace]
#0 D:\\wamp64\\www\\gobproy\\vendor\\symfony\\console\\Application.php(659): Symfony\\Component\\Console\\Application->findNamespace('breeze')
#1 D:\\wamp64\\www\\gobproy\\vendor\\symfony\\console\\Application.php(237): Symfony\\Component\\Console\\Application->find('breeze:install')
#2 D:\\wamp64\\www\\gobproy\\vendor\\symfony\\console\\Application.php(149): Symfony\\Component\\Console\\Application->doRun(Object(Symfony\\Component\\Console\\Input\\ArgvInput), Object(Symfony\\Component\\Console\\Output\\ConsoleOutput))
#3 D:\\wamp64\\www\\gobproy\\vendor\\laravel\\framework\\src\\Illuminate\\Console\\Application.php(90): Symfony\\Component\\Console\\Application->run(Object(Symfony\\Component\\Console\\Input\\ArgvInput), Object(Symfony\\Component\\Console\\Output\\ConsoleOutput))
#4 D:\\wamp64\\www\\gobproy\\vendor\\laravel\\framework\\src\\Illuminate\\Foundation\\Console\\Kernel.php(133): Illuminate\\Console\\Application->run(Object(Symfony\\Component\\Console\\Input\\ArgvInput), Object(Symfony\\Component\\Console\\Output\\ConsoleOutput))
#5 D:\\wamp64\\www\\gobproy\\artisan(37): Illuminate\\Foundation\\Console\\Kernel->handle(Object(Symfony\\Component\\Console\\Input\\ArgvInput), Object(Symfony\\Component\\Console\\Output\\ConsoleOutput))
#6 {main}
"} 
[2023-06-14 01:27:58] local.ERROR: There are no commands defined in the "breeze" namespace. {"exception":"[object] (Symfony\\Component\\Console\\Exception\\NamespaceNotFoundException(code: 0): There are no commands defined in the \"breeze\" namespace. at D:\\wamp64\\www\\gobproy\\vendor\\symfony\\console\\Application.php:606)
[stacktrace]
#0 D:\\wamp64\\www\\gobproy\\vendor\\symfony\\console\\Application.php(659): Symfony\\Component\\Console\\Application->findNamespace('breeze')
#1 D:\\wamp64\\www\\gobproy\\vendor\\symfony\\console\\Application.php(237): Symfony\\Component\\Console\\Application->find('breeze:install')
#2 D:\\wamp64\\www\\gobproy\\vendor\\symfony\\console\\Application.php(149): Symfony\\Component\\Console\\Application->doRun(Object(Symfony\\Component\\Console\\Input\\ArgvInput), Object(Symfony\\Component\\Console\\Output\\ConsoleOutput))
#3 D:\\wamp64\\www\\gobproy\\vendor\\laravel\\framework\\src\\Illuminate\\Console\\Application.php(90): Symfony\\Component\\Console\\Application->run(Object(Symfony\\Component\\Console\\Input\\ArgvInput), Object(Symfony\\Component\\Console\\Output\\ConsoleOutput))
#4 D:\\wamp64\\www\\gobproy\\vendor\\laravel\\framework\\src\\Illuminate\\Foundation\\Console\\Kernel.php(133): Illuminate\\Console\\Application->run(Object(Symfony\\Component\\Console\\Input\\ArgvInput), Object(Symfony\\Component\\Console\\Output\\ConsoleOutput))
#5 D:\\wamp64\\www\\gobproy\\artisan(37): Illuminate\\Foundation\\Console\\Kernel->handle(Object(Symfony\\Component\\Console\\Input\\ArgvInput), Object(Symfony\\Component\\Console\\Output\\ConsoleOutput))
#6 {main}
"} 
